  stdafx.cpp
  sorting_types.cpp
c:\users\falle\documents\visual studio 2017\projects\sorting_types\sorting_types\sorting_types.cpp(86): warning C4244: инициализация: преобразование "double" в "int", возможна потеря данных
c:\users\falle\documents\visual studio 2017\projects\sorting_types\sorting_types\sorting_types.cpp(90): warning C4244: =: преобразование "DWORD" в "float", возможна потеря данных
c:\users\falle\documents\visual studio 2017\projects\sorting_types\sorting_types\sorting_types.cpp(147): warning C4244: =: преобразование "DWORD" в "float", возможна потеря данных
c:\users\falle\documents\visual studio 2017\projects\sorting_types\sorting_types\sorting_types.cpp(159): warning C4244: инициализация: преобразование "double" в "int", возможна потеря данных
c:\users\falle\documents\visual studio 2017\projects\sorting_types\sorting_types\sorting_types.cpp(163): warning C4244: =: преобразование "DWORD" в "float", возможна потеря данных
c:\users\falle\documents\visual studio 2017\projects\sorting_types\sorting_types\sorting_types.cpp(175): warning C4244: =: преобразование "DWORD" в "float", возможна потеря данных
c:\users\falle\documents\visual studio 2017\projects\sorting_types\sorting_types\sorting_types.cpp(187): warning C4244: инициализация: преобразование "double" в "int", возможна потеря данных
c:\users\falle\documents\visual studio 2017\projects\sorting_types\sorting_types\sorting_types.cpp(191): warning C4244: =: преобразование "DWORD" в "float", возможна потеря данных
c:\users\falle\documents\visual studio 2017\projects\sorting_types\sorting_types\sorting_types.cpp(245): warning C4244: =: преобразование "DWORD" в "float", возможна потеря данных
c:\users\falle\documents\visual studio 2017\projects\sorting_types\sorting_types\sorting_types.cpp(257): warning C4244: инициализация: преобразование "double" в "int", возможна потеря данных
c:\users\falle\documents\visual studio 2017\projects\sorting_types\sorting_types\sorting_types.cpp(264): warning C4244: =: преобразование "DWORD" в "float", возможна потеря данных
c:\users\falle\documents\visual studio 2017\projects\sorting_types\sorting_types\sorting_types.cpp(297): warning C4244: =: преобразование "DWORD" в "float", возможна потеря данных
c:\users\falle\documents\visual studio 2017\projects\sorting_types\sorting_types\sorting_types.cpp(309): warning C4244: инициализация: преобразование "double" в "int", возможна потеря данных
c:\users\falle\documents\visual studio 2017\projects\sorting_types\sorting_types\sorting_types.cpp(314): warning C4244: =: преобразование "DWORD" в "float", возможна потеря данных
c:\users\falle\documents\visual studio 2017\projects\sorting_types\sorting_types\sorting_types.cpp(338): warning C4244: =: преобразование "DWORD" в "float", возможна потеря данных
c:\users\falle\documents\visual studio 2017\projects\sorting_types\sorting_types\sorting_types.cpp(351): warning C4244: инициализация: преобразование "double" в "int", возможна потеря данных
c:\users\falle\documents\visual studio 2017\projects\sorting_types\sorting_types\sorting_types.cpp(359): warning C4244: =: преобразование "DWORD" в "float", возможна потеря данных
c:\users\falle\documents\visual studio 2017\projects\sorting_types\sorting_types\sorting_types.cpp(386): warning C4244: =: преобразование "DWORD" в "float", возможна потеря данных
c:\users\falle\documents\visual studio 2017\projects\sorting_types\sorting_types\sorting_types.cpp(398): warning C4244: инициализация: преобразование "double" в "int", возможна потеря данных
c:\users\falle\documents\visual studio 2017\projects\sorting_types\sorting_types\sorting_types.cpp(406): warning C4244: =: преобразование "DWORD" в "float", возможна потеря данных
c:\users\falle\documents\visual studio 2017\projects\sorting_types\sorting_types\sorting_types.cpp(427): warning C4244: =: преобразование "DWORD" в "float", возможна потеря данных
c:\users\falle\documents\visual studio 2017\projects\sorting_types\sorting_types\sorting_types.cpp(439): warning C4244: инициализация: преобразование "double" в "int", возможна потеря данных
c:\users\falle\documents\visual studio 2017\projects\sorting_types\sorting_types\sorting_types.cpp(446): warning C4244: =: преобразование "DWORD" в "float", возможна потеря данных
c:\users\falle\documents\visual studio 2017\projects\sorting_types\sorting_types\sorting_types.cpp(474): warning C4244: =: преобразование "DWORD" в "float", возможна потеря данных
c:\users\falle\documents\visual studio 2017\projects\sorting_types\sorting_types\sorting_types.cpp(487): warning C4244: =: преобразование "double" в "int", возможна потеря данных
c:\users\falle\documents\visual studio 2017\projects\sorting_types\sorting_types\sorting_types.cpp(517): warning C4244: аргумент: преобразование "time_t" в "unsigned int", возможна потеря данных
  sorting_types.vcxproj -> c:\users\falle\documents\visual studio 2017\Projects\sorting_types\Debug\sorting_types.exe
  sorting_types.vcxproj -> c:\users\falle\documents\visual studio 2017\Projects\sorting_types\Debug\sorting_types.pdb (Partial PDB)
c:\users\falle\documents\visual studio 2017\projects\sorting_types\sorting_types\sorting_types.cpp(90): warning C28159: Попробуйте использовать "GetTickCount64" вместо "GetTickCount". Причина: GetTickCount overflows roughly every 49 days.  Code that does not take that into account can loop indefinitely.  GetTickCount64 operates on 64 bit values and does not have that problem
c:\users\falle\documents\visual studio 2017\projects\sorting_types\sorting_types\sorting_types.cpp(147): warning C28159: Попробуйте использовать "GetTickCount64" вместо "GetTickCount". Причина: GetTickCount overflows roughly every 49 days.  Code that does not take that into account can loop indefinitely.  GetTickCount64 operates on 64 bit values and does not have that problem
c:\users\falle\documents\visual studio 2017\projects\sorting_types\sorting_types\sorting_types.cpp(163): warning C28159: Попробуйте использовать "GetTickCount64" вместо "GetTickCount". Причина: GetTickCount overflows roughly every 49 days.  Code that does not take that into account can loop indefinitely.  GetTickCount64 operates on 64 bit values and does not have that problem
c:\users\falle\documents\visual studio 2017\projects\sorting_types\sorting_types\sorting_types.cpp(175): warning C28159: Попробуйте использовать "GetTickCount64" вместо "GetTickCount". Причина: GetTickCount overflows roughly every 49 days.  Code that does not take that into account can loop indefinitely.  GetTickCount64 operates on 64 bit values and does not have that problem
c:\users\falle\documents\visual studio 2017\projects\sorting_types\sorting_types\sorting_types.cpp(241): warning C6283: Память для "buffer" выделена при помощи оператора new [] для массивов, а удаляется скалярным оператором delete.
c:\users\falle\documents\visual studio 2017\projects\sorting_types\sorting_types\sorting_types.cpp(191): warning C28159: Попробуйте использовать "GetTickCount64" вместо "GetTickCount". Причина: GetTickCount overflows roughly every 49 days.  Code that does not take that into account can loop indefinitely.  GetTickCount64 operates on 64 bit values and does not have that problem
c:\users\falle\documents\visual studio 2017\projects\sorting_types\sorting_types\sorting_types.cpp(245): warning C28159: Попробуйте использовать "GetTickCount64" вместо "GetTickCount". Причина: GetTickCount overflows roughly every 49 days.  Code that does not take that into account can loop indefinitely.  GetTickCount64 operates on 64 bit values and does not have that problem
c:\users\falle\documents\visual studio 2017\projects\sorting_types\sorting_types\sorting_types.cpp(264): warning C28159: Попробуйте использовать "GetTickCount64" вместо "GetTickCount". Причина: GetTickCount overflows roughly every 49 days.  Code that does not take that into account can loop indefinitely.  GetTickCount64 operates on 64 bit values and does not have that problem
c:\users\falle\documents\visual studio 2017\projects\sorting_types\sorting_types\sorting_types.cpp(297): warning C28159: Попробуйте использовать "GetTickCount64" вместо "GetTickCount". Причина: GetTickCount overflows roughly every 49 days.  Code that does not take that into account can loop indefinitely.  GetTickCount64 operates on 64 bit values and does not have that problem
c:\users\falle\documents\visual studio 2017\projects\sorting_types\sorting_types\sorting_types.cpp(314): warning C28159: Попробуйте использовать "GetTickCount64" вместо "GetTickCount". Причина: GetTickCount overflows roughly every 49 days.  Code that does not take that into account can loop indefinitely.  GetTickCount64 operates on 64 bit values and does not have that problem
c:\users\falle\documents\visual studio 2017\projects\sorting_types\sorting_types\sorting_types.cpp(338): warning C28159: Попробуйте использовать "GetTickCount64" вместо "GetTickCount". Причина: GetTickCount overflows roughly every 49 days.  Code that does not take that into account can loop indefinitely.  GetTickCount64 operates on 64 bit values and does not have that problem
c:\users\falle\documents\visual studio 2017\projects\sorting_types\sorting_types\sorting_types.cpp(359): warning C28159: Попробуйте использовать "GetTickCount64" вместо "GetTickCount". Причина: GetTickCount overflows roughly every 49 days.  Code that does not take that into account can loop indefinitely.  GetTickCount64 operates on 64 bit values and does not have that problem
c:\users\falle\documents\visual studio 2017\projects\sorting_types\sorting_types\sorting_types.cpp(386): warning C28159: Попробуйте использовать "GetTickCount64" вместо "GetTickCount". Причина: GetTickCount overflows roughly every 49 days.  Code that does not take that into account can loop indefinitely.  GetTickCount64 operates on 64 bit values and does not have that problem
c:\users\falle\documents\visual studio 2017\projects\sorting_types\sorting_types\sorting_types.cpp(406): warning C28159: Попробуйте использовать "GetTickCount64" вместо "GetTickCount". Причина: GetTickCount overflows roughly every 49 days.  Code that does not take that into account can loop indefinitely.  GetTickCount64 operates on 64 bit values and does not have that problem
c:\users\falle\documents\visual studio 2017\projects\sorting_types\sorting_types\sorting_types.cpp(427): warning C28159: Попробуйте использовать "GetTickCount64" вместо "GetTickCount". Причина: GetTickCount overflows roughly every 49 days.  Code that does not take that into account can loop indefinitely.  GetTickCount64 operates on 64 bit values and does not have that problem
c:\users\falle\documents\visual studio 2017\projects\sorting_types\sorting_types\sorting_types.cpp(446): warning C28159: Попробуйте использовать "GetTickCount64" вместо "GetTickCount". Причина: GetTickCount overflows roughly every 49 days.  Code that does not take that into account can loop indefinitely.  GetTickCount64 operates on 64 bit values and does not have that problem
c:\users\falle\documents\visual studio 2017\projects\sorting_types\sorting_types\sorting_types.cpp(474): warning C28159: Попробуйте использовать "GetTickCount64" вместо "GetTickCount". Причина: GetTickCount overflows roughly every 49 days.  Code that does not take that into account can loop indefinitely.  GetTickCount64 operates on 64 bit values and does not have that problem
c:\users\falle\documents\visual studio 2017\projects\sorting_types\sorting_types\sorting_types.cpp(520): warning C6031: Возвращаемое значение пропущено: "getchar".
c:\users\falle\documents\visual studio 2017\projects\sorting_types\sorting_types\sorting_types.cpp(521): warning C6031: Возвращаемое значение пропущено: "getchar".
