  sorting_types.cpp
sorting_types.cpp(86): warning C4244: инициализация: преобразование "double" в "int", возможна потеря данных
sorting_types.cpp(90): warning C4244: =: преобразование "DWORD" в "float", возможна потеря данных
sorting_types.cpp(147): warning C4244: =: преобразование "DWORD" в "float", возможна потеря данных
sorting_types.cpp(159): warning C4244: инициализация: преобразование "double" в "int", возможна потеря данных
sorting_types.cpp(163): warning C4244: =: преобразование "DWORD" в "float", возможна потеря данных
sorting_types.cpp(175): warning C4244: =: преобразование "DWORD" в "float", возможна потеря данных
sorting_types.cpp(187): warning C4244: инициализация: преобразование "double" в "int", возможна потеря данных
sorting_types.cpp(191): warning C4244: =: преобразование "DWORD" в "float", возможна потеря данных
sorting_types.cpp(245): warning C4244: =: преобразование "DWORD" в "float", возможна потеря данных
sorting_types.cpp(257): warning C4244: инициализация: преобразование "double" в "int", возможна потеря данных
sorting_types.cpp(264): warning C4244: =: преобразование "DWORD" в "float", возможна потеря данных
sorting_types.cpp(297): warning C4244: =: преобразование "DWORD" в "float", возможна потеря данных
sorting_types.cpp(309): warning C4244: инициализация: преобразование "double" в "int", возможна потеря данных
sorting_types.cpp(314): warning C4244: =: преобразование "DWORD" в "float", возможна потеря данных
sorting_types.cpp(338): warning C4244: =: преобразование "DWORD" в "float", возможна потеря данных
sorting_types.cpp(351): warning C4244: инициализация: преобразование "double" в "int", возможна потеря данных
sorting_types.cpp(359): warning C4244: =: преобразование "DWORD" в "float", возможна потеря данных
sorting_types.cpp(386): warning C4244: =: преобразование "DWORD" в "float", возможна потеря данных
sorting_types.cpp(398): warning C4244: инициализация: преобразование "double" в "int", возможна потеря данных
sorting_types.cpp(406): warning C4244: =: преобразование "DWORD" в "float", возможна потеря данных
sorting_types.cpp(427): warning C4244: =: преобразование "DWORD" в "float", возможна потеря данных
sorting_types.cpp(439): warning C4244: инициализация: преобразование "double" в "int", возможна потеря данных
sorting_types.cpp(446): warning C4244: =: преобразование "DWORD" в "float", возможна потеря данных
sorting_types.cpp(474): warning C4244: =: преобразование "DWORD" в "float", возможна потеря данных
sorting_types.cpp(487): warning C4244: =: преобразование "double" в "int", возможна потеря данных
sorting_types.cpp(517): warning C4244: аргумент: преобразование "time_t" в "unsigned int", возможна потеря данных
  Создание кода
  8 of 161 functions ( 5.0%) were compiled, the rest were copied from previous compilation.
    0 functions were new in current compilation
    1 functions had inline decision re-evaluated but remain unchanged
  Создание кода завершено
  sorting_types.vcxproj -> C:\Users\falle\Documents\Visual Studio 2017\Projects\sorting_types\Release\sorting_types.exe
